#
# There is insufficient memory for the Java Runtime Environment to continue.
# Native memory allocation (malloc) failed to allocate 63963136 bytes for committing reserved memory.
# Possible reasons:
#   The system is out of physical RAM or swap space
#   In 32 bit mode, the process size limit was hit
# Possible solutions:
#   Reduce memory load on the system
#   Increase physical memory or swap space
#   Check if swap backing store is full
#   Use 64 bit Java on a 64 bit OS
#   Decrease Java heap size (-Xmx/-Xms)
#   Decrease number of Java threads
#   Decrease Java thread stack sizes (-Xss)
#   Set larger code cache with -XX:ReservedCodeCacheSize=
# This output file may be truncated or incomplete.
#
#  Out of Memory Error (os_linux.cpp:2809), pid=9477, tid=139669850949376
#
# JRE version: OpenJDK Runtime Environment (7.0_79-b14) (build 1.7.0_79-b14)
# Java VM: OpenJDK 64-Bit Server VM (24.79-b02 mixed mode linux-amd64 compressed oops)
# Derivative: IcedTea 2.5.5
# Distribution: Ubuntu 14.04 LTS, package 7u79-2.5.5-0ubuntu0.14.04.2
# Failed to write core dump. Core dumps have been disabled. To enable core dumping, try "ulimit -c unlimited" before starting Java again
#

---------------  T H R E A D  ---------------

Current thread (0x00007f079407e800):  VMThread [stack: 0x00007f076bca0000,0x00007f076bda1000] [id=9493]

Stack: [0x00007f076bca0000,0x00007f076bda1000],  sp=0x00007f076bd9f490,  free space=1021k
Native frames: (J=compiled Java code, j=interpreted, Vv=VM code, C=native code)
V  [libjvm.so+0x94aec5]  VMError::report_and_die()+0x175
V  [libjvm.so+0x48b9c4]  report_vm_out_of_memory(char const*, int, unsigned long, char const*)+0x74
V  [libjvm.so+0x7c806b]  os::pd_commit_memory(char*, unsigned long, unsigned long, bool)+0xeb
V  [libjvm.so+0x7c2b0f]  os::commit_memory(char*, unsigned long, unsigned long, bool)+0x1f
V  [libjvm.so+0x83500b]  PSVirtualSpace::expand_by(unsigned long)+0x5b
V  [libjvm.so+0x835e60]  PSYoungGen::resize_generation(unsigned long, unsigned long)+0xb0
V  [libjvm.so+0x83654b]  PSYoungGen::resize(unsigned long, unsigned long)+0x1b
V  [libjvm.so+0x832830]  PSScavenge::invoke_no_policy()+0xde0
V  [libjvm.so+0x833008]  PSScavenge::invoke()+0x38
V  [libjvm.so+0x7e96f3]  ParallelScavengeHeap::failed_mem_allocate(unsigned long)+0x63
V  [libjvm.so+0x94c8c4]  VM_ParallelGCFailedAllocation::doit()+0x84
V  [libjvm.so+0x950dc7]  VM_Operation::evaluate()+0x47
V  [libjvm.so+0x94f738]  VMThread::evaluate_operation(VM_Operation*)+0x318
V  [libjvm.so+0x94fb99]  VMThread::loop()+0x219
V  [libjvm.so+0x94ffe2]  VMThread::run()+0x72
V  [libjvm.so+0x7c4f32]  java_start(Thread*)+0xf2

VM_Operation (0x00007f079b52b2b0): ParallelGCFailedAllocation, mode: safepoint, requested by thread 0x00007f079400a800


---------------  P R O C E S S  ---------------

Java Threads: ( => current thread )
  0x00007f07940b7000 JavaThread "Service Thread" daemon [_thread_blocked, id=9499, stack(0x00007f076b3d1000,0x00007f076b4d2000)]
  0x00007f07940b5000 JavaThread "C2 CompilerThread1" daemon [_thread_blocked, id=9498, stack(0x00007f076b4d2000,0x00007f076b5d3000)]
  0x00007f07940b2000 JavaThread "C2 CompilerThread0" daemon [_thread_blocked, id=9497, stack(0x00007f076b5d3000,0x00007f076b6d4000)]
  0x00007f07940b0000 JavaThread "Signal Dispatcher" daemon [_thread_blocked, id=9496, stack(0x00007f076b6d4000,0x00007f076b7d5000)]
  0x00007f0794085000 JavaThread "Finalizer" daemon [_thread_blocked, id=9495, stack(0x00007f076ba9e000,0x00007f076bb9f000)]
  0x00007f0794083000 JavaThread "Reference Handler" daemon [_thread_blocked, id=9494, stack(0x00007f076bb9f000,0x00007f076bca0000)]
  0x00007f079400a800 JavaThread "main" [_thread_blocked, id=9483, stack(0x00007f079b42c000,0x00007f079b52d000)]

Other Threads:
=>0x00007f079407e800 VMThread [stack: 0x00007f076bca0000,0x00007f076bda1000] [id=9493]
  0x00007f07940c2000 WatcherThread [stack: 0x00007f076b2d0000,0x00007f076b3d1000] [id=9500]

VM state:at safepoint (normal execution)

VM Mutex/Monitor currently owned by a thread:  ([mutex/lock_event])
[0x00007f0794006f70] Threads_lock - owner thread: 0x00007f079407e800
[0x00007f0794007470] Heap_lock - owner thread: 0x00007f079400a800

Heap
 PSYoungGen      total 34304K, used 2540K [0x00000000eaa80000, 0x00000000ece80000, 0x0000000100000000)
  eden space 31744K, 0% used [0x00000000eaa80000,0x00000000eaa80000,0x00000000ec980000)
  from space 2560K, 99% used [0x00000000ec980000,0x00000000ecbfb170,0x00000000ecc00000)
  to   space 2560K, 0% used [0x00000000ecc00000,0x00000000ecc00000,0x00000000ece80000)
 ParOldGen       total 41984K, used 28596K [0x00000000c0000000, 0x00000000c2900000, 0x00000000eaa80000)
  object space 41984K, 68% used [0x00000000c0000000,0x00000000c1bed3b0,0x00000000c2900000)
 PSPermGen       total 21504K, used 6993K [0x00000000b5a00000, 0x00000000b6f00000, 0x00000000c0000000)
  object space 21504K, 32% used [0x00000000b5a00000,0x00000000b60d4748,0x00000000b6f00000)

Card table byte_map: [0x00007f0790dac000,0x00007f0791000000] byte_map_base: 0x00007f07907ff000

Polling page: 0x00007f079b553000

Code Cache  [0x00007f0791000000, 0x00007f0791270000, 0x00007f0794000000)
 total_blobs=670 nmethods=422 adapters=202 free_code_cache=48055Kb largest_free_block=49153216

Compilation events (10 events):
